This is pdfTeX, Version 3.1415926-2.4-1.40.13 (TeX Live 2012) (format=pdflatex 2012.6.30)  7 JUN 2013 00:15
entering extended mode
 restricted \write18 enabled.
 file:line:error style messages enabled.
 %&-line parsing enabled.
**Quetzali.tex
(./Quetzali.tex
LaTeX2e <2011/06/27>
Babel <v3.8m> and hyphenation patterns for english, dumylang, nohyphenation, ge
rman-x-2012-05-30, ngerman-x-2012-05-30, afrikaans, ancientgreek, ibycus, arabi
c, armenian, basque, bulgarian, catalan, pinyin, coptic, croatian, czech, danis
h, dutch, ukenglish, usenglishmax, esperanto, estonian, ethiopic, farsi, finnis
h, french, friulan, galician, german, ngerman, swissgerman, monogreek, greek, h
ungarian, icelandic, assamese, bengali, gujarati, hindi, kannada, malayalam, ma
rathi, oriya, panjabi, tamil, telugu, indonesian, interlingua, irish, italian, 
kurmanji, latin, latvian, lithuanian, mongolian, mongolianlmc, bokmal, nynorsk,
 polish, portuguese, romanian, romansh, russian, sanskrit, serbian, serbianc, s
lovak, slovenian, spanish, swedish, turkish, turkmen, ukrainian, uppersorbian, 
welsh, loaded.
(/usr/local/texlive/2012/texmf-dist/tex/latex/base/article.cls
Document Class: article 2007/10/19 v1.4h Standard LaTeX document class
(/usr/local/texlive/2012/texmf-dist/tex/latex/base/size10.clo
File: size10.clo 2007/10/19 v1.4h Standard LaTeX file (size option)
)
\c@part=\count79
\c@section=\count80
\c@subsection=\count81
\c@subsubsection=\count82
\c@paragraph=\count83
\c@subparagraph=\count84
\c@figure=\count85
\c@table=\count86
\abovecaptionskip=\skip41
\belowcaptionskip=\skip42
\bibindent=\dimen102
) (./latex8.sty
IEEE 8.5 x 11-Inch Proceedings Style `latex8.sty'.
\@ctmp=\skip43
\@figindent=\skip44
) (/usr/local/texlive/2012/texmf-dist/tex/latex/psnfss/times.sty
Package: times 2005/04/12 PSNFSS-v9.2a (SPQR) 
)
(/usr/local/texlive/2012/texmf-dist/tex/latex/amsmath/amsmath.sty
Package: amsmath 2000/07/18 v2.13 AMS math features
\@mathmargin=\skip45

For additional information on amsmath, use the `?' option.
(/usr/local/texlive/2012/texmf-dist/tex/latex/amsmath/amstext.sty
Package: amstext 2000/06/29 v2.01

(/usr/local/texlive/2012/texmf-dist/tex/latex/amsmath/amsgen.sty
File: amsgen.sty 1999/11/30 v2.0
\@emptytoks=\toks14
\ex@=\dimen103
))
(/usr/local/texlive/2012/texmf-dist/tex/latex/amsmath/amsbsy.sty
Package: amsbsy 1999/11/29 v1.2d
\pmbraise@=\dimen104
)
(/usr/local/texlive/2012/texmf-dist/tex/latex/amsmath/amsopn.sty
Package: amsopn 1999/12/14 v2.01 operator names
)
\inf@bad=\count87
LaTeX Info: Redefining \frac on input line 211.
\uproot@=\count88
\leftroot@=\count89
LaTeX Info: Redefining \overline on input line 307.
\classnum@=\count90
\DOTSCASE@=\count91
LaTeX Info: Redefining \ldots on input line 379.
LaTeX Info: Redefining \dots on input line 382.
LaTeX Info: Redefining \cdots on input line 467.
\Mathstrutbox@=\box26
\strutbox@=\box27
\big@size=\dimen105
LaTeX Font Info:    Redeclaring font encoding OML on input line 567.
LaTeX Font Info:    Redeclaring font encoding OMS on input line 568.
\macc@depth=\count92
\c@MaxMatrixCols=\count93
\dotsspace@=\muskip10
\c@parentequation=\count94
\dspbrk@lvl=\count95
\tag@help=\toks15
\row@=\count96
\column@=\count97
\maxfields@=\count98
\andhelp@=\toks16
\eqnshift@=\dimen106
\alignsep@=\dimen107
\tagshift@=\dimen108
\tagwidth@=\dimen109
\totwidth@=\dimen110
\lineht@=\dimen111
\@envbody=\toks17
\multlinegap=\skip46
\multlinetaggap=\skip47
\mathdisplay@stack=\toks18
LaTeX Info: Redefining \[ on input line 2666.
LaTeX Info: Redefining \] on input line 2667.
)
(/usr/local/texlive/2012/texmf-dist/tex/latex/graphics/graphicx.sty
Package: graphicx 1999/02/16 v1.0f Enhanced LaTeX Graphics (DPC,SPQR)

(/usr/local/texlive/2012/texmf-dist/tex/latex/graphics/keyval.sty
Package: keyval 1999/03/16 v1.13 key=value parser (DPC)
\KV@toks@=\toks19
)
(/usr/local/texlive/2012/texmf-dist/tex/latex/graphics/graphics.sty
Package: graphics 2009/02/05 v1.0o Standard LaTeX Graphics (DPC,SPQR)

(/usr/local/texlive/2012/texmf-dist/tex/latex/graphics/trig.sty
Package: trig 1999/03/16 v1.09 sin cos tan (DPC)
)
(/usr/local/texlive/2012/texmf-dist/tex/latex/latexconfig/graphics.cfg
File: graphics.cfg 2010/04/23 v1.9 graphics configuration of TeX Live
)
Package graphics Info: Driver file: pdftex.def on input line 91.

(/usr/local/texlive/2012/texmf-dist/tex/latex/pdftex-def/pdftex.def
File: pdftex.def 2011/05/27 v0.06d Graphics/color for pdfTeX

(/usr/local/texlive/2012/texmf-dist/tex/generic/oberdiek/infwarerr.sty
Package: infwarerr 2010/04/08 v1.3 Providing info/warning/error messages (HO)
)
(/usr/local/texlive/2012/texmf-dist/tex/generic/oberdiek/ltxcmds.sty
Package: ltxcmds 2011/11/09 v1.22 LaTeX kernel commands for general use (HO)
)
\Gread@gobject=\count99
))
\Gin@req@height=\dimen112
\Gin@req@width=\dimen113
)
(/usr/local/texlive/2012/texmf-dist/tex/generic/babel/babel.sty
Package: babel 2008/07/08 v3.8m The Babel package

(/usr/local/texlive/2012/texmf-dist/tex/generic/babel/spanish.ldf
Language: spanish.ldf 2011/10/06 v5.0k Spanish support from the babel system

(/usr/local/texlive/2012/texmf-dist/tex/generic/babel/babel.def
File: babel.def 2008/07/08 v3.8m Babel common definitions
\babel@savecnt=\count100
\U@D=\dimen114
)
\es@datefmt=\count101
\es@quottoks=\toks20
\es@quotdepth=\count102
Package babel Info: Making " an active character on input line 496.
Package babel Info: Making . an active character on input line 599.
Package babel Info: Making < an active character on input line 644.
Package babel Info: Making > an active character on input line 644.
))

LaTeX Warning: Unused global option(s):
    [times].

(./Quetzali.aux
LaTeX Info: Redefining \. on input line 6.
LaTeX Info: Redefining \% on input line 6.
)
\openout1 = `Quetzali.aux'.

LaTeX Font Info:    Checking defaults for OML/cmm/m/it on input line 24.
LaTeX Font Info:    ... okay on input line 24.
LaTeX Font Info:    Checking defaults for T1/cmr/m/n on input line 24.
LaTeX Font Info:    ... okay on input line 24.
LaTeX Font Info:    Checking defaults for OT1/cmr/m/n on input line 24.
LaTeX Font Info:    ... okay on input line 24.
LaTeX Font Info:    Checking defaults for OMS/cmsy/m/n on input line 24.
LaTeX Font Info:    ... okay on input line 24.
LaTeX Font Info:    Checking defaults for OMX/cmex/m/n on input line 24.
LaTeX Font Info:    ... okay on input line 24.
LaTeX Font Info:    Checking defaults for U/cmr/m/n on input line 24.
LaTeX Font Info:    ... okay on input line 24.
LaTeX Font Info:    Try loading font information for OT1+ptm on input line 24.
 (/usr/local/texlive/2012/texmf-dist/tex/latex/psnfss/ot1ptm.fd
File: ot1ptm.fd 2001/06/04 font definitions for OT1/ptm.
) (/usr/local/texlive/2012/texmf-dist/tex/context/base/supp-pdf.mkii
[Loading MPS to PDF converter (version 2006.09.02).]
\scratchcounter=\count103
\scratchdimen=\dimen115
\scratchbox=\box28
\nofMPsegments=\count104
\nofMParguments=\count105
\everyMPshowfont=\toks21
\MPscratchCnt=\count106
\MPscratchDim=\dimen116
\MPnumerator=\count107
\makeMPintoPDFobject=\count108
\everyMPtoPDFconversion=\toks22
) (/usr/local/texlive/2012/texmf-dist/tex/generic/oberdiek/pdftexcmds.sty
Package: pdftexcmds 2011/11/29 v0.20 Utility functions of pdfTeX for LuaTeX (HO
)

(/usr/local/texlive/2012/texmf-dist/tex/generic/oberdiek/ifluatex.sty
Package: ifluatex 2010/03/01 v1.3 Provides the ifluatex switch (HO)
Package ifluatex Info: LuaTeX not detected.
)
(/usr/local/texlive/2012/texmf-dist/tex/generic/oberdiek/ifpdf.sty
Package: ifpdf 2011/01/30 v2.3 Provides the ifpdf switch (HO)
Package ifpdf Info: pdfTeX in PDF mode is detected.
)
Package pdftexcmds Info: LuaTeX not detected.
Package pdftexcmds Info: \pdf@primitive is available.
Package pdftexcmds Info: \pdf@ifprimitive is available.
Package pdftexcmds Info: \pdfdraftmode found.
)
(/usr/local/texlive/2012/texmf-dist/tex/latex/oberdiek/epstopdf-base.sty
Package: epstopdf-base 2010/02/09 v2.5 Base part for package epstopdf

(/usr/local/texlive/2012/texmf-dist/tex/latex/oberdiek/grfext.sty
Package: grfext 2010/08/19 v1.1 Manage graphics extensions (HO)

(/usr/local/texlive/2012/texmf-dist/tex/generic/oberdiek/kvdefinekeys.sty
Package: kvdefinekeys 2011/04/07 v1.3 Define keys (HO)
))
(/usr/local/texlive/2012/texmf-dist/tex/latex/oberdiek/kvoptions.sty
Package: kvoptions 2011/06/30 v3.11 Key value format for package options (HO)

(/usr/local/texlive/2012/texmf-dist/tex/generic/oberdiek/kvsetkeys.sty
Package: kvsetkeys 2012/04/25 v1.16 Key value parser (HO)

(/usr/local/texlive/2012/texmf-dist/tex/generic/oberdiek/etexcmds.sty
Package: etexcmds 2011/02/16 v1.5 Avoid name clashes with e-TeX commands (HO)
Package etexcmds Info: Could not find \expanded.
(etexcmds)             That can mean that you are not using pdfTeX 1.50 or
(etexcmds)             that some package has redefined \expanded.
(etexcmds)             In the latter case, load this package earlier.
)))
Package grfext Info: Graphics extension search list:
(grfext)             [.png,.pdf,.jpg,.mps,.jpeg,.jbig2,.jb2,.PNG,.PDF,.JPG,.JPE
G,.JBIG2,.JB2,.eps]
(grfext)             \AppendGraphicsExtensions on input line 452.

(/usr/local/texlive/2012/texmf-dist/tex/latex/latexconfig/epstopdf-sys.cfg
File: epstopdf-sys.cfg 2010/07/13 v1.3 Configuration of (r)epstopdf for TeX Liv
e
))
LaTeX Info: Redefining \. on input line 24.
LaTeX Info: Redefining \% on input line 24.
LaTeX Font Info:    Font shape `OT1/ptm/bx/n' in size <14.4> not available
(Font)              Font shape `OT1/ptm/b/n' tried instead on input line 33.
LaTeX Font Info:    Font shape `OT1/ptm/bx/n' in size <12> not available
(Font)              Font shape `OT1/ptm/b/n' tried instead on input line 36.

Underfull \hbox (badness 1242) in paragraph at lines 37--39
[]\OT1/ptm/m/it/10 En oca-sio-nes es dif[]^^Pcil con-se-guir pa-re-ja por-que s
e
 []


Underfull \hbox (badness 1472) in paragraph at lines 50--51
\OT1/ptm/m/n/10 ar-ti-fi-cial es fre-cuen-te re-fe-rir-se a ellas co-mo re-des 
de
 []


Underfull \hbox (badness 10000) in paragraph at lines 50--51

 []

<rn.png, id=1, 816.04875pt x 460.72125pt>
File: rn.png Graphic file (type png)
 <use rn.png>
Package pdftex.def Info: rn.png used on input line 69.
(pdftex.def)             Requested size: 256.0748pt x 144.57259pt.

Overfull \hbox (18.93886pt too wide) in paragraph at lines 69--70
 [][] 
 []


Underfull \hbox (badness 1173) in paragraph at lines 79--80
\OT1/ptm/m/n/10 un jui-cio de orien-ta-ci[]on y no mag-ni-tud: dos vec-to-res
 []


Underfull \hbox (badness 1205) in paragraph at lines 79--80
\OT1/ptm/m/n/10 con la mis-ma orien-ta-ci[]on tie-nen una si-mi-li-tud co-seno
 []


Underfull \hbox (badness 10000) in paragraph at lines 79--80

 []

[1{/usr/local/texlive/2012/texmf-var/fonts/map/pdftex/updmap/pdftex.map}


Non-PDF special ignored!

 <./rn.png>]
Underfull \hbox (badness 1448) in paragraph at lines 81--82
[]\OT1/ptm/m/n/10 Tenga en cuen-ta que es-tos l[]^^Pmi-tes se apli-can pa-ra
 []


Underfull \hbox (badness 10000) in paragraph at lines 81--82

 []


Underfull \hbox (badness 10000) in paragraph at lines 83--84

 []


Underfull \hbox (badness 10000) in paragraph at lines 85--87

 []


Underfull \hbox (badness 10000) in paragraph at lines 85--87

 []


Package amsmath Warning: Foreign command \over;
(amsmath)                \frac or \genfrac should be used instead
(amsmath)                 on input line 88.


Underfull \hbox (badness 10000) in paragraph at lines 88--89

 []


Underfull \hbox (badness 1048) in paragraph at lines 93--95
[]\OT1/ptm/m/n/10 MATLAB (abre-via-tu-ra de MA-Trix LA-Bo-ra-tory, "la-
 []


Underfull \hbox (badness 1107) in paragraph at lines 93--95
\OT1/ptm/m/n/10 pro-gra-mas en otros len-gua-jes y con otros dis-po-si-ti-vos
 []


Underfull \hbox (badness 10000) in paragraph at lines 93--95

 []

Missing character: There is no – in font ptmr7t!

Underfull \hbox (badness 1147) in paragraph at lines 114--117
\OT1/ptm/m/n/10 da-tos se nor-ma-li-zar[]on an-tes de in-tro-du-cir-los al vec-
tor
 []


Underfull \hbox (badness 1383) in paragraph at lines 114--117
\OT1/ptm/m/n/10 con esos da-tos uti-li-zan-do el al-go-rit-mo de apren-di-za-je

 []


Underfull \hbox (badness 10000) in paragraph at lines 114--117

 []


Underfull \hbox (badness 10000) in paragraph at lines 118--119

 []


Underfull \hbox (badness 1360) in paragraph at lines 120--121
[]\OT1/ptm/m/n/10 Si se desa-rro-lla-ra una apli-ca-ci[]on pa-ra Fa-ce-book la
 []


Underfull \hbox (badness 10000) in paragraph at lines 120--121

 []

[2] <entrenamiento.png, id=18, 618.31pt x 853.1875pt>
File: entrenamiento.png Graphic file (type png)
 <use entrenamiento.png>
Package pdftex.def Info: entrenamiento.png used on input line 127.
(pdftex.def)             Requested size: 256.0748pt x 353.3632pt.

Overfull \hbox (18.93886pt too wide) in paragraph at lines 127--128
 [][] 
 []

<interfaz1.png, id=20, 768.8725pt x 388.45125pt>
File: interfaz1.png Graphic file (type png)
 <use interfaz1.png>
Package pdftex.def Info: interfaz1.png used on input line 134.
(pdftex.def)             Requested size: 256.0748pt x 129.37476pt.

Overfull \hbox (18.93886pt too wide) in paragraph at lines 134--135
 [][] 
 []


Underfull \hbox (badness 10000) in paragraph at lines 154--155

 []

<datos.png, id=21, 1253.68375pt x 729.72626pt>
File: datos.png Graphic file (type png)
 <use datos.png>
Package pdftex.def Info: datos.png used on input line 162.
(pdftex.def)             Requested size: 256.0748pt x 149.04924pt.

Overfull \hbox (18.93886pt too wide) in paragraph at lines 162--163
 [][] 
 []


Underfull \hbox (badness 10000) in paragraph at lines 170--171

 []

[3 <./entrenamiento.png> <./interfaz1.png> <./datos.png>]
<res1.png, id=28, 768.8725pt x 388.45125pt>
File: res1.png Graphic file (type png)
 <use res1.png>
Package pdftex.def Info: res1.png used on input line 176.
(pdftex.def)             Requested size: 256.0748pt x 129.37476pt.

<res2.png, id=29, 768.8725pt x 388.45125pt>
File: res2.png Graphic file (type png)
 <use res2.png>
Package pdftex.def Info: res2.png used on input line 177.
(pdftex.def)             Requested size: 256.0748pt x 129.37476pt.

<res3.png, id=30, 768.8725pt x 388.45125pt>
File: res3.png Graphic file (type png)
 <use res3.png>
Package pdftex.def Info: res3.png used on input line 178.
(pdftex.def)             Requested size: 256.0748pt x 129.37476pt.

<res4.png, id=31, 768.8725pt x 388.45125pt>
File: res4.png Graphic file (type png)
 <use res4.png>
Package pdftex.def Info: res4.png used on input line 179.
(pdftex.def)             Requested size: 256.0748pt x 129.37476pt.

Overfull \hbox (18.93886pt too wide) in paragraph at lines 176--180
 [][] 
 []


Overfull \hbox (18.93886pt too wide) in paragraph at lines 176--180
 [] 
 []


Overfull \hbox (18.93886pt too wide) in paragraph at lines 176--180
 [] 
 []


Overfull \hbox (18.93886pt too wide) in paragraph at lines 176--180
 [] 
 []


Underfull \hbox (badness 2460) in paragraph at lines 187--188
[]\OT1/ptm/m/n/10 Los re-sul-ta-dos fuer[]on muy sa-tis-fac-to-rios y la red
 []


Underfull \hbox (badness 3240) in paragraph at lines 187--188
\OT1/ptm/m/n/10 neu-ro-nal tra-ba-ja es-tu-pen-da-men-te.Las re-des neu-ro-na-l
es
 []


Underfull \hbox (badness 10000) in paragraph at lines 187--188

 []


Underfull \vbox (badness 10000) has occurred while \output is active []


Underfull \hbox (badness 10000) in paragraph at lines 189--190

 []

Missing character: There is no — in font ptmr7t!
Missing character: There is no — in font ptmr7t!
Missing character: There is no Ò in font ptmr7t!
Missing character: There is no — in font ptmr7t!
Missing character: There is no Ó in font ptmr7t!

Underfull \hbox (badness 1082) in paragraph at lines 202--203
[]\OT1/ptm/m/n/10 Emiliano Aldabas-Rubira; In-tro-duc-cin al re-co-no-ci-
 []

Missing character: There is no ’ in font ptmr7t!

Underfull \hbox (badness 10000) in paragraph at lines 208--209

 []


LaTeX Warning: Citation `ex1' undefined on input line 213.


LaTeX Warning: Citation `ex2' undefined on input line 213.

No file Quetzali.bbl.
[4 <./res1.png> <./res2.png> <./res3.png> <./res4.png>] (./Quetzali.aux
LaTeX Info: Redefining \. on input line 6.
LaTeX Info: Redefining \% on input line 6.
)

LaTeX Warning: There were undefined references.

 ) 
Here is how much of TeX's memory you used:
 2834 strings out of 493488
 37420 string characters out of 3141326
 106807 words of memory out of 3000000
 6096 multiletter control sequences out of 15000+200000
 19519 words of font info for 43 fonts, out of 3000000 for 9000
 957 hyphenation exceptions out of 8191
 38i,8n,27p,723b,234s stack positions out of 5000i,500n,10000p,200000b,50000s
{/usr/local/texlive/2012/texmf-dist/fonts/enc/dvips/base/8r.enc}</usr/local/t
exlive/2012/texmf-dist/fonts/type1/public/amsfonts/cm/cmmi10.pfb></usr/local/te
xlive/2012/texmf-dist/fonts/type1/public/amsfonts/cm/cmmi7.pfb></usr/local/texl
ive/2012/texmf-dist/fonts/type1/public/amsfonts/cm/cmr10.pfb></usr/local/texliv
e/2012/texmf-dist/fonts/type1/public/amsfonts/cm/cmsy7.pfb></usr/local/texlive/
2012/texmf-dist/fonts/type1/urw/helvetic/uhvb8a.pfb></usr/local/texlive/2012/te
xmf-dist/fonts/type1/urw/times/utmb8a.pfb></usr/local/texlive/2012/texmf-dist/f
onts/type1/urw/times/utmr8a.pfb></usr/local/texlive/2012/texmf-dist/fonts/type1
/urw/times/utmri8a.pfb>
Output written on Quetzali.pdf (4 pages, 584355 bytes).
PDF statistics:
 66 PDF objects out of 1000 (max. 8388607)
 36 compressed objects within 1 object stream
 0 named destinations out of 1000 (max. 500000)
 41 words of extra memory for PDF output out of 10000 (max. 10000000)

